{
  "stats": {
    "suites": 1,
    "tests": 10,
    "passes": 10,
    "pending": 0,
    "failures": 0,
    "start": "2025-04-18T21:19:08.718Z",
    "end": "2025-04-18T21:19:16.422Z",
    "duration": 7704,
    "testsRegistered": 10,
    "passPercent": 100,
    "pendingPercent": 0,
    "other": 0,
    "hasOther": false,
    "skipped": 0,
    "hasSkipped": false
  },
  "results": [
    {
      "uuid": "874c492a-e5c6-4bf3-9365-afa1dd1a87e5",
      "title": "",
      "fullFile": "C:\\Users\\gianr\\OneDrive\\Escritorio\\inventario app\\tests\\test.js",
      "file": "\\tests\\test.js",
      "beforeHooks": [],
      "afterHooks": [],
      "tests": [],
      "suites": [
        {
          "uuid": "c3343cac-e9e0-481f-9359-551ecc88b09c",
          "title": "Pruebas de la App de Inventario",
          "fullFile": "C:\\Users\\gianr\\OneDrive\\Escritorio\\inventario app\\tests\\test.js",
          "file": "\\tests\\test.js",
          "beforeHooks": [
            {
              "title": "\"before all\" hook in \"Pruebas de la App de Inventario\"",
              "fullTitle": "Pruebas de la App de Inventario \"before all\" hook in \"Pruebas de la App de Inventario\"",
              "timedOut": false,
              "duration": 2551,
              "state": null,
              "speed": null,
              "pass": false,
              "fail": false,
              "pending": false,
              "context": null,
              "code": "driver = await new Builder().forBrowser(\"chrome\").build();\nconst filePath = \"file://\" + path.resolve(__dirname, \"../index.html\");\nawait driver.get(filePath);",
              "err": {},
              "uuid": "66ada190-90f7-4976-b917-257f9859c4c3",
              "parentUUID": "c3343cac-e9e0-481f-9359-551ecc88b09c",
              "isHook": true,
              "skipped": false
            }
          ],
          "afterHooks": [
            {
              "title": "\"after all\" hook in \"Pruebas de la App de Inventario\"",
              "fullTitle": "Pruebas de la App de Inventario \"after all\" hook in \"Pruebas de la App de Inventario\"",
              "timedOut": false,
              "duration": 236,
              "state": null,
              "speed": null,
              "pass": false,
              "fail": false,
              "pending": false,
              "context": null,
              "code": "await driver.quit();",
              "err": {},
              "uuid": "7a2ecd50-f6dd-457d-9d5e-9dfecf105434",
              "parentUUID": "c3343cac-e9e0-481f-9359-551ecc88b09c",
              "isHook": true,
              "skipped": false
            }
          ],
          "tests": [
            {
              "title": "HU-001 - Agregar producto",
              "fullTitle": "Pruebas de la App de Inventario HU-001 - Agregar producto",
              "timedOut": false,
              "duration": 605,
              "state": "passed",
              "speed": "slow",
              "pass": true,
              "fail": false,
              "pending": false,
              "context": null,
              "code": "await driver.findElement(By.id(\"nombre\")).sendKeys(\"Monitor\");\nawait driver.findElement(By.id(\"cantidad\")).sendKeys(\"3\");\nawait driver.findElement(By.id(\"precio\")).sendKeys(\"150.00\");\nawait driver.findElement(By.css(\"form button\")).click();\nconst nombre = await driver.findElement(By.xpath(\"//tbody/tr[1]/td[0+1]\"));\nexpect(await nombre.getText()).to.equal(\"Monitor\");\nawait screenshot(\"HU-001_AgregarProducto\");",
              "err": {},
              "uuid": "7c6ce382-9af8-4827-8051-81dc3f3e137d",
              "parentUUID": "c3343cac-e9e0-481f-9359-551ecc88b09c",
              "isHook": false,
              "skipped": false
            },
            {
              "title": "HU-002 - Ver producto agregado",
              "fullTitle": "Pruebas de la App de Inventario HU-002 - Ver producto agregado",
              "timedOut": false,
              "duration": 192,
              "state": "passed",
              "speed": "slow",
              "pass": true,
              "fail": false,
              "pending": false,
              "context": null,
              "code": "const filas = await driver.findElements(By.xpath(\"//tbody/tr\"));\nexpect(filas.length).to.be.greaterThan(0);\nawait screenshot(\"HU-002_VerProducto\");",
              "err": {},
              "uuid": "4b37042e-c8b4-44cb-879d-10d5a28c14c3",
              "parentUUID": "c3343cac-e9e0-481f-9359-551ecc88b09c",
              "isHook": false,
              "skipped": false
            },
            {
              "title": "HU-003 - Eliminar producto",
              "fullTitle": "Pruebas de la App de Inventario HU-003 - Eliminar producto",
              "timedOut": false,
              "duration": 699,
              "state": "passed",
              "speed": "slow",
              "pass": true,
              "fail": false,
              "pending": false,
              "context": null,
              "code": "const eliminarBtn = await driver.findElement(By.xpath(\"//tbody/tr[1]/td[4]/button[2]\"));\nawait eliminarBtn.click();\nawait driver.switchTo().alert().accept();\nawait driver.sleep(500);\nconst filas = await driver.findElements(By.xpath(\"//tbody/tr\"));\nexpect(filas.length).to.equal(0);\nawait screenshot(\"HU-003_EliminarProducto\");",
              "err": {},
              "uuid": "6efdd52a-c565-4350-8737-78b13bd96b4b",
              "parentUUID": "c3343cac-e9e0-481f-9359-551ecc88b09c",
              "isHook": false,
              "skipped": false
            },
            {
              "title": "HU-004 - Validar campos vacíos",
              "fullTitle": "Pruebas de la App de Inventario HU-004 - Validar campos vacíos",
              "timedOut": false,
              "duration": 398,
              "state": "passed",
              "speed": "slow",
              "pass": true,
              "fail": false,
              "pending": false,
              "context": null,
              "code": "await driver.findElement(By.id(\"nombre\")).clear();\nawait driver.findElement(By.id(\"cantidad\")).clear();\nawait driver.findElement(By.id(\"precio\")).clear();\nawait driver.findElement(By.css(\"form button\")).click();\n  \nawait screenshot(\"HU-004_ValidacionCamposVacios\");\n  \nexpect(true).to.be.true;",
              "err": {},
              "uuid": "d4b46b56-3b78-4a2a-85d6-daafb6163c1f",
              "parentUUID": "c3343cac-e9e0-481f-9359-551ecc88b09c",
              "isHook": false,
              "skipped": false
            },
            {
              "title": "HU-006 - Calcular total del inventario",
              "fullTitle": "Pruebas de la App de Inventario HU-006 - Calcular total del inventario",
              "timedOut": false,
              "duration": 345,
              "state": "passed",
              "speed": "slow",
              "pass": true,
              "fail": false,
              "pending": false,
              "context": null,
              "code": "await driver.findElement(By.id(\"nombre\")).sendKeys(\"Mouse\");\nawait driver.findElement(By.id(\"cantidad\")).sendKeys(\"5\");\nawait driver.findElement(By.id(\"precio\")).sendKeys(\"20\");\nawait driver.findElement(By.css(\"form button\")).click();\nconst total = await driver.findElement(By.id(\"total\")).getText();\nexpect(total).to.include(\"$100.00\");\nawait screenshot(\"HU-006_CalculoTotal\");",
              "err": {},
              "uuid": "b12d91d4-f542-467e-b835-412a4bb0fa3c",
              "parentUUID": "c3343cac-e9e0-481f-9359-551ecc88b09c",
              "isHook": false,
              "skipped": false
            },
            {
              "title": "HU-007 - Buscar producto por nombre",
              "fullTitle": "Pruebas de la App de Inventario HU-007 - Buscar producto por nombre",
              "timedOut": false,
              "duration": 141,
              "state": "passed",
              "speed": "slow",
              "pass": true,
              "fail": false,
              "pending": false,
              "context": null,
              "code": "await driver.findElement(By.id(\"buscar\")).sendKeys(\"mouse\");\nconst visible = await driver.findElement(By.xpath(\"//tbody/tr[1]\"));\nexpect(await visible.isDisplayed()).to.be.true;\nawait screenshot(\"HU-007_BuscarProducto\");",
              "err": {},
              "uuid": "051e661d-bb5f-4f7d-a0d3-b68f4b3c0537",
              "parentUUID": "c3343cac-e9e0-481f-9359-551ecc88b09c",
              "isHook": false,
              "skipped": false
            },
            {
              "title": "HU-005 - Editar producto",
              "fullTitle": "Pruebas de la App de Inventario HU-005 - Editar producto",
              "timedOut": false,
              "duration": 563,
              "state": "passed",
              "speed": "slow",
              "pass": true,
              "fail": false,
              "pending": false,
              "context": null,
              "code": "await driver.findElement(By.id(\"nombre\")).sendKeys(\"Teclado\");\nawait driver.findElement(By.id(\"cantidad\")).sendKeys(\"2\");\nawait driver.findElement(By.id(\"precio\")).sendKeys(\"45.00\");\nawait driver.findElement(By.css(\"form button\")).click();\n\n  \nconst editarBtn = await driver.findElement(By.xpath(\"//tbody/tr[1]/td[4]/button[1]\"));\nawait editarBtn.click();\n\n   \nconst nombreInput = await driver.findElement(By.id(\"nombre\"));\nawait nombreInput.clear();\nawait nombreInput.sendKeys(\"Teclado Mecánico\");\nawait driver.findElement(By.css(\"form button\")).click();\nconst nombreFinal = await driver.findElement(By.xpath(\"//tbody/tr[1]/td[1]\"));\nexpect(await nombreFinal.getText()).to.equal(\"Teclado Mecánico\");\nawait screenshot(\"HU-005_EditarProducto\");",
              "err": {},
              "uuid": "92478f27-2a3e-4cab-a71d-842f8cb6778e",
              "parentUUID": "c3343cac-e9e0-481f-9359-551ecc88b09c",
              "isHook": false,
              "skipped": false
            },
            {
              "title": "HU-008 - Guardar en localStorage (recargar)",
              "fullTitle": "Pruebas de la App de Inventario HU-008 - Guardar en localStorage (recargar)",
              "timedOut": false,
              "duration": 910,
              "state": "passed",
              "speed": "slow",
              "pass": true,
              "fail": false,
              "pending": false,
              "context": null,
              "code": "await driver.findElement(By.id(\"nombre\")).sendKeys(\"Disco Duro\");\nawait driver.findElement(By.id(\"cantidad\")).sendKeys(\"2\");\nawait driver.findElement(By.id(\"precio\")).sendKeys(\"50\");\nawait driver.findElement(By.css(\"form button\")).click();\n  \nawait driver.sleep(500);\nawait driver.navigate().refresh();\n  \nawait screenshot(\"HU-008_LocalStorage\");\n  \nexpect(true).to.be.true;",
              "err": {},
              "uuid": "67066fa3-6a45-448b-b601-34091aefd9fe",
              "parentUUID": "c3343cac-e9e0-481f-9359-551ecc88b09c",
              "isHook": false,
              "skipped": false
            },
            {
              "title": "HU-009 - Limpiar toda la tabla",
              "fullTitle": "Pruebas de la App de Inventario HU-009 - Limpiar toda la tabla",
              "timedOut": false,
              "duration": 699,
              "state": "passed",
              "speed": "slow",
              "pass": true,
              "fail": false,
              "pending": false,
              "context": null,
              "code": "await driver.findElement(By.id(\"btn-limpiar\")).click();\nawait driver.switchTo().alert().accept();\nawait driver.sleep(500);\nconst filas = await driver.findElements(By.xpath(\"//tbody/tr\"));\nexpect(filas.length).to.equal(0);\nawait screenshot(\"HU-009_LimpiarTodo\");",
              "err": {},
              "uuid": "166e6294-4ed6-4875-963b-a8f6c44ff735",
              "parentUUID": "c3343cac-e9e0-481f-9359-551ecc88b09c",
              "isHook": false,
              "skipped": false
            },
            {
              "title": "HU-010 - Confirmar antes de eliminar",
              "fullTitle": "Pruebas de la App de Inventario HU-010 - Confirmar antes de eliminar",
              "timedOut": false,
              "duration": 346,
              "state": "passed",
              "speed": "slow",
              "pass": true,
              "fail": false,
              "pending": false,
              "context": null,
              "code": "await driver.findElement(By.id(\"nombre\")).sendKeys(\"Teclado\");\nawait driver.findElement(By.id(\"cantidad\")).sendKeys(\"1\");\nawait driver.findElement(By.id(\"precio\")).sendKeys(\"45\");\nawait driver.findElement(By.css(\"form button\")).click();\nawait driver.findElement(By.xpath(\"//tbody/tr[1]/td[4]/button[2]\"))?.click();\nconst alerta = await driver.switchTo().alert();\nexpect(await alerta.getText()).to.include(\"¿Estás seguro\");\nawait alerta.dismiss();\nconst fila = await driver.findElements(By.xpath(\"//tbody/tr\"));\nexpect(fila.length).to.equal(1);\nawait screenshot(\"HU-010_ConfirmarEliminacion\");",
              "err": {},
              "uuid": "fc83fdd8-248f-4168-b387-c9b9ce9ec34b",
              "parentUUID": "c3343cac-e9e0-481f-9359-551ecc88b09c",
              "isHook": false,
              "skipped": false
            }
          ],
          "suites": [],
          "passes": [
            "7c6ce382-9af8-4827-8051-81dc3f3e137d",
            "4b37042e-c8b4-44cb-879d-10d5a28c14c3",
            "6efdd52a-c565-4350-8737-78b13bd96b4b",
            "d4b46b56-3b78-4a2a-85d6-daafb6163c1f",
            "b12d91d4-f542-467e-b835-412a4bb0fa3c",
            "051e661d-bb5f-4f7d-a0d3-b68f4b3c0537",
            "92478f27-2a3e-4cab-a71d-842f8cb6778e",
            "67066fa3-6a45-448b-b601-34091aefd9fe",
            "166e6294-4ed6-4875-963b-a8f6c44ff735",
            "fc83fdd8-248f-4168-b387-c9b9ce9ec34b"
          ],
          "failures": [],
          "pending": [],
          "skipped": [],
          "duration": 4898,
          "root": false,
          "rootEmpty": false,
          "_timeout": 30000
        }
      ],
      "passes": [],
      "failures": [],
      "pending": [],
      "skipped": [],
      "duration": 0,
      "root": true,
      "rootEmpty": true,
      "_timeout": 2000
    }
  ],
  "meta": {
    "mocha": {
      "version": "11.1.0"
    },
    "mochawesome": {
      "options": {
        "quiet": false,
        "reportFilename": "mochawesome",
        "saveHtml": true,
        "saveJson": true,
        "consoleReporter": "spec",
        "useInlineDiffs": false,
        "code": true
      },
      "version": "7.1.3"
    },
    "marge": {
      "options": null,
      "version": "6.2.0"
    }
  }
}